2025-06-14 13:49:55,992 - PERF - Performance: test_operation took 0.0102s
2025-06-14 13:49:56,008 - PERF - Performance: decorated_operation took 0.0102s
2025-06-14 13:49:56,027 - PERF - Performance: operation_a took 0.0101s
2025-06-14 13:49:56,039 - PERF - Performance: operation_a took 0.0101s
2025-06-14 13:49:56,045 - PERF - Performance: operation_b took 0.0051s
2025-06-14 13:49:56,067 - PERF - Performance: test_component.test_function took 0.0011s
2025-06-14 14:03:47,129 - PERF - Performance: test_operation took 0.0102s
2025-06-14 14:03:47,144 - PERF - Performance: decorated_operation took 0.0102s
2025-06-14 14:03:47,160 - PERF - Performance: operation_a took 0.0102s
2025-06-14 14:03:47,171 - PERF - Performance: operation_a took 0.0101s
2025-06-14 14:03:47,178 - PERF - Performance: operation_b took 0.0052s
2025-06-14 14:03:47,227 - PERF - Performance: test_component.test_function took 0.0011s
2025-06-14 14:22:24,222 - PERF - Performance: test_operation took 0.0101s
2025-06-14 14:22:24,238 - PERF - Performance: decorated_operation took 0.0101s
2025-06-14 14:22:24,254 - PERF - Performance: operation_a took 0.0103s
2025-06-14 14:22:24,265 - PERF - Performance: operation_a took 0.0102s
2025-06-14 14:22:24,272 - PERF - Performance: operation_b took 0.0052s
2025-06-14 14:22:24,317 - PERF - Performance: test_component.test_function took 0.0011s
2025-06-14 14:51:42,525 - PERF - Performance: test_operation took 0.0101s
2025-06-14 14:51:42,539 - PERF - Performance: decorated_operation took 0.0101s
2025-06-14 14:51:42,555 - PERF - Performance: operation_a took 0.0101s
2025-06-14 14:51:42,566 - PERF - Performance: operation_a took 0.0101s
2025-06-14 14:51:42,572 - PERF - Performance: operation_b took 0.0051s
2025-06-14 14:51:42,612 - PERF - Performance: test_component.test_function took 0.0011s
2025-06-14 14:54:33,541 - PERF - Performance: test_operation took 0.0102s
2025-06-14 14:54:33,559 - PERF - Performance: decorated_operation took 0.0102s
2025-06-14 14:54:33,575 - PERF - Performance: operation_a took 0.0102s
2025-06-14 14:54:33,587 - PERF - Performance: operation_a took 0.0101s
2025-06-14 14:54:33,594 - PERF - Performance: operation_b took 0.0051s
2025-06-14 14:54:33,653 - PERF - Performance: test_component.test_function took 0.0011s
