2025-06-13 13:55:50,076 - PERF - Performance: test_op took 0.0011s
2025-06-13 13:55:51,357 - PERF - Performance: test_operation took 0.0102s
2025-06-13 13:55:51,371 - PERF - Performance: decorated_operation took 0.0101s
2025-06-13 13:55:51,385 - PERF - Performance: operation_a took 0.0102s
2025-06-13 13:55:51,397 - PERF - Performance: operation_a took 0.0101s
2025-06-13 13:55:51,403 - PERF - Performance: operation_b took 0.0051s
2025-06-13 13:55:51,524 - PERF - Performance: test_component.test_function took 0.0011s
2025-06-13 14:01:05,399 - PERF - Performance: test_operation took 0.0102s
2025-06-13 14:01:05,412 - PERF - Performance: decorated_operation took 0.0101s
2025-06-13 14:01:05,426 - PERF - Performance: operation_a took 0.0104s
2025-06-13 14:01:05,438 - PERF - Performance: operation_a took 0.0102s
2025-06-13 14:01:05,444 - PERF - Performance: operation_b took 0.0051s
2025-06-13 14:01:05,545 - PERF - Performance: test_component.test_function took 0.0011s
2025-06-13 14:02:04,204 - PERF - Performance: test_operation took 0.0101s
2025-06-13 14:02:04,217 - PERF - Performance: decorated_operation took 0.0102s
2025-06-13 14:02:04,231 - PERF - Performance: operation_a took 0.0101s
2025-06-13 14:02:04,242 - PERF - Performance: operation_a took 0.0101s
2025-06-13 14:02:04,249 - PERF - Performance: operation_b took 0.0051s
2025-06-13 14:02:04,280 - PERF - Performance: test_component.test_function took 0.0012s
2025-06-14 16:17:24,147 - PERF - Performance: test_operation took 0.0101s
2025-06-14 16:17:24,162 - PERF - Performance: decorated_operation took 0.0101s
2025-06-14 16:17:24,173 - PERF - Performance: operation_a took 0.0101s
2025-06-14 16:17:24,184 - PERF - Performance: operation_a took 0.0101s
2025-06-14 16:17:24,189 - PERF - Performance: operation_b took 0.0051s
2025-06-14 16:17:24,196 - PERF - Performance: test_component.test_function took 0.0011s
2025-06-14 16:20:15,922 - PERF - Performance: test_operation took 0.0101s
2025-06-14 16:20:15,933 - PERF - Performance: decorated_operation took 0.0102s
2025-06-14 16:20:15,945 - PERF - Performance: operation_a took 0.0102s
2025-06-14 16:20:15,955 - PERF - Performance: operation_a took 0.0101s
2025-06-14 16:20:15,961 - PERF - Performance: operation_b took 0.0052s
2025-06-14 16:20:15,970 - PERF - Performance: test_component.test_function took 0.0011s
2025-06-15 00:58:40,933 - PERF - Performance: test_operation took 0.0101s
2025-06-15 00:58:40,951 - PERF - Performance: decorated_operation took 0.0102s
2025-06-15 00:58:40,965 - PERF - Performance: operation_a took 0.0101s
2025-06-15 00:58:40,976 - PERF - Performance: operation_a took 0.0101s
2025-06-15 00:58:40,982 - PERF - Performance: operation_b took 0.0051s
2025-06-15 00:58:41,013 - PERF - Performance: test_component.test_function took 0.0011s
2025-06-15 01:00:31,554 - PERF - Performance: test_operation took 0.0101s
2025-06-15 01:00:31,568 - PERF - Performance: decorated_operation took 0.0101s
2025-06-15 01:00:31,581 - PERF - Performance: operation_a took 0.0101s
2025-06-15 01:00:31,592 - PERF - Performance: operation_a took 0.0101s
2025-06-15 01:00:31,599 - PERF - Performance: operation_b took 0.0052s
2025-06-15 01:00:31,627 - PERF - Performance: test_component.test_function took 0.0011s
2025-06-15 01:02:30,798 - PERF - Performance: test_operation took 0.0101s
2025-06-15 01:02:30,812 - PERF - Performance: decorated_operation took 0.0101s
2025-06-15 01:02:30,825 - PERF - Performance: operation_a took 0.0101s
2025-06-15 01:02:30,836 - PERF - Performance: operation_a took 0.0102s
2025-06-15 01:02:30,842 - PERF - Performance: operation_b took 0.0051s
2025-06-15 01:02:30,871 - PERF - Performance: test_component.test_function took 0.0011s
2025-06-15 01:05:39,326 - PERF - Performance: test_operation took 0.0103s
2025-06-15 01:05:39,342 - PERF - Performance: decorated_operation took 0.0102s
2025-06-15 01:05:39,357 - PERF - Performance: operation_a took 0.0102s
2025-06-15 01:05:39,369 - PERF - Performance: operation_a took 0.0102s
2025-06-15 01:05:39,375 - PERF - Performance: operation_b took 0.0052s
2025-06-15 01:05:39,422 - PERF - Performance: test_component.test_function took 0.0012s
2025-06-15 01:10:31,608 - PERF - Performance: test_operation took 0.0103s
2025-06-15 01:10:31,623 - PERF - Performance: decorated_operation took 0.0101s
2025-06-15 01:10:31,638 - PERF - Performance: operation_a took 0.0101s
2025-06-15 01:10:31,650 - PERF - Performance: operation_a took 0.0102s
2025-06-15 01:10:31,656 - PERF - Performance: operation_b took 0.0052s
2025-06-15 01:10:31,702 - PERF - Performance: test_component.test_function took 0.0012s
2025-06-15 01:26:15,813 - PERF - Performance: test_operation took 0.0102s
2025-06-15 01:26:15,827 - PERF - Performance: decorated_operation took 0.0103s
2025-06-15 01:26:15,840 - PERF - Performance: operation_a took 0.0103s
2025-06-15 01:26:15,852 - PERF - Performance: operation_a took 0.0102s
2025-06-15 01:26:15,858 - PERF - Performance: operation_b took 0.0051s
2025-06-15 01:26:15,886 - PERF - Performance: test_component.test_function took 0.0011s
2025-06-15 01:30:06,952 - PERF - Performance: test_operation took 0.0102s
2025-06-15 01:30:06,966 - PERF - Performance: decorated_operation took 0.0101s
2025-06-15 01:30:06,980 - PERF - Performance: operation_a took 0.0101s
2025-06-15 01:30:06,991 - PERF - Performance: operation_a took 0.0101s
2025-06-15 01:30:06,998 - PERF - Performance: operation_b took 0.0051s
2025-06-15 01:30:07,029 - PERF - Performance: test_component.test_function took 0.0011s
2025-06-15 01:40:12,367 - PERF - Performance: test_operation took 0.0101s
2025-06-15 01:40:12,381 - PERF - Performance: decorated_operation took 0.0101s
2025-06-15 01:40:12,394 - PERF - Performance: operation_a took 0.0101s
2025-06-15 01:40:12,406 - PERF - Performance: operation_a took 0.0101s
2025-06-15 01:40:12,412 - PERF - Performance: operation_b took 0.0051s
2025-06-15 01:40:12,442 - PERF - Performance: test_component.test_function took 0.0011s
2025-06-15 19:26:14,965 - PERF - Performance: test_operation took 0.0101s
2025-06-15 19:26:14,981 - PERF - Performance: decorated_operation took 0.0101s
2025-06-15 19:26:14,991 - PERF - Performance: operation_a took 0.0101s
2025-06-15 19:26:15,002 - PERF - Performance: operation_a took 0.0101s
2025-06-15 19:26:15,007 - PERF - Performance: operation_b took 0.0051s
2025-06-15 19:26:15,014 - PERF - Performance: test_component.test_function took 0.0011s
2025-06-15 19:29:31,512 - PERF - Performance: test_operation took 0.0101s
2025-06-15 19:29:31,523 - PERF - Performance: decorated_operation took 0.0101s
2025-06-15 19:29:31,535 - PERF - Performance: operation_a took 0.0101s
2025-06-15 19:29:31,545 - PERF - Performance: operation_a took 0.0101s
2025-06-15 19:29:31,551 - PERF - Performance: operation_b took 0.0051s
2025-06-15 19:29:31,561 - PERF - Performance: test_component.test_function took 0.0012s
2025-06-15 19:35:52,951 - PERF - Performance: test_operation took 0.0101s
2025-06-15 19:35:52,962 - PERF - Performance: decorated_operation took 0.0101s
2025-06-15 19:35:52,973 - PERF - Performance: operation_a took 0.0101s
2025-06-15 19:35:52,983 - PERF - Performance: operation_a took 0.0101s
2025-06-15 19:35:52,989 - PERF - Performance: operation_b took 0.0051s
2025-06-15 19:35:52,996 - PERF - Performance: test_component.test_function took 0.0011s
2025-06-15 19:46:23,466 - PERF - Performance: test_operation took 0.0101s
2025-06-15 19:46:23,477 - PERF - Performance: decorated_operation took 0.0101s
2025-06-15 19:46:23,488 - PERF - Performance: operation_a took 0.0101s
2025-06-15 19:46:23,498 - PERF - Performance: operation_a took 0.0102s
2025-06-15 19:46:23,504 - PERF - Performance: operation_b took 0.0051s
2025-06-15 19:46:23,511 - PERF - Performance: test_component.test_function took 0.0011s
2025-06-15 20:11:04,614 - PERF - Performance: test_operation took 0.0101s
2025-06-15 20:11:04,625 - PERF - Performance: decorated_operation took 0.0101s
2025-06-15 20:11:04,636 - PERF - Performance: operation_a took 0.0101s
2025-06-15 20:11:04,646 - PERF - Performance: operation_a took 0.0101s
2025-06-15 20:11:04,652 - PERF - Performance: operation_b took 0.0051s
2025-06-15 20:11:04,658 - PERF - Performance: test_component.test_function took 0.0011s
2025-06-15 22:15:38,376 - PERF - Performance: test_operation took 0.0101s
2025-06-15 22:15:38,388 - PERF - Performance: decorated_operation took 0.0102s
2025-06-15 22:15:38,400 - PERF - Performance: operation_a took 0.0101s
2025-06-15 22:15:38,411 - PERF - Performance: operation_a took 0.0101s
2025-06-15 22:15:38,418 - PERF - Performance: operation_b took 0.0052s
2025-06-15 22:15:38,446 - PERF - Performance: test_component.test_function took 0.0011s
2025-06-15 22:58:02,490 - PERF - Performance: test_operation took 0.0101s
2025-06-15 22:58:02,503 - PERF - Performance: decorated_operation took 0.0101s
2025-06-15 22:58:02,516 - PERF - Performance: operation_a took 0.0101s
2025-06-15 22:58:02,527 - PERF - Performance: operation_a took 0.0101s
2025-06-15 22:58:02,533 - PERF - Performance: operation_b took 0.0051s
2025-06-15 22:58:02,559 - PERF - Performance: test_component.test_function took 0.0012s
2025-06-15 23:01:06,567 - PERF - Performance: test_operation took 0.0102s
2025-06-15 23:01:06,583 - PERF - Performance: decorated_operation took 0.0102s
2025-06-15 23:01:06,599 - PERF - Performance: operation_a took 0.0101s
2025-06-15 23:01:06,610 - PERF - Performance: operation_a took 0.0101s
2025-06-15 23:01:06,617 - PERF - Performance: operation_b took 0.0051s
2025-06-15 23:01:06,663 - PERF - Performance: test_component.test_function took 0.0012s
2025-06-15 23:14:06,560 - PERF - Performance: test_operation took 0.0101s
2025-06-15 23:14:06,572 - PERF - Performance: decorated_operation took 0.0101s
2025-06-15 23:14:06,585 - PERF - Performance: operation_a took 0.0101s
2025-06-15 23:14:06,596 - PERF - Performance: operation_a took 0.0101s
2025-06-15 23:14:06,602 - PERF - Performance: operation_b took 0.0051s
2025-06-15 23:14:06,615 - PERF - Performance: test_component.test_function took 0.0011s
2025-06-16 00:17:59,953 - PERF - Performance: test_operation took 0.0101s
2025-06-16 00:17:59,969 - PERF - Performance: decorated_operation took 0.0101s
2025-06-16 00:17:59,983 - PERF - Performance: operation_a took 0.0102s
2025-06-16 00:17:59,994 - PERF - Performance: operation_a took 0.0101s
2025-06-16 00:18:00,001 - PERF - Performance: operation_b took 0.0051s
2025-06-16 00:18:00,036 - PERF - Performance: test_component.test_function took 0.0011s
2025-06-16 17:51:13,479 - PERF - Performance: test_operation took 0.0101s
2025-06-16 17:51:13,493 - PERF - Performance: decorated_operation took 0.0101s
2025-06-16 17:51:13,506 - PERF - Performance: operation_a took 0.0101s
2025-06-16 17:51:13,517 - PERF - Performance: operation_a took 0.0101s
2025-06-16 17:51:13,523 - PERF - Performance: operation_b took 0.0051s
2025-06-16 17:51:13,533 - PERF - Performance: test_component.test_function took 0.0011s
2025-06-16 17:55:54,834 - PERF - Performance: test_operation took 0.0102s
2025-06-16 17:55:54,850 - PERF - Performance: decorated_operation took 0.0102s
2025-06-16 17:55:54,866 - PERF - Performance: operation_a took 0.0102s
2025-06-16 17:55:54,877 - PERF - Performance: operation_a took 0.0101s
2025-06-16 17:55:54,884 - PERF - Performance: operation_b took 0.0051s
2025-06-16 17:55:54,929 - PERF - Performance: test_component.test_function took 0.0011s
2025-06-16 18:04:18,367 - PERF - Performance: test_operation took 0.0101s
2025-06-16 18:04:18,381 - PERF - Performance: decorated_operation took 0.0101s
2025-06-16 18:04:18,397 - PERF - Performance: operation_a took 0.0101s
2025-06-16 18:04:18,408 - PERF - Performance: operation_a took 0.0101s
2025-06-16 18:04:18,414 - PERF - Performance: operation_b took 0.0051s
2025-06-16 18:04:18,454 - PERF - Performance: test_component.test_function took 0.0011s
2025-06-16 21:39:22,764 - PERF - Performance: test_operation took 0.0101s
2025-06-16 21:39:22,778 - PERF - Performance: decorated_operation took 0.0102s
2025-06-16 21:39:22,790 - PERF - Performance: operation_a took 0.0101s
2025-06-16 21:39:22,800 - PERF - Performance: operation_a took 0.0101s
2025-06-16 21:39:22,806 - PERF - Performance: operation_b took 0.0051s
2025-06-16 21:39:22,812 - PERF - Performance: test_component.test_function took 0.0011s
2025-06-16 22:10:46,595 - PERF - Performance: test_operation took 0.0101s
2025-06-16 22:10:46,607 - PERF - Performance: decorated_operation took 0.0101s
2025-06-16 22:10:46,618 - PERF - Performance: operation_a took 0.0101s
2025-06-16 22:10:46,628 - PERF - Performance: operation_a took 0.0101s
2025-06-16 22:10:46,634 - PERF - Performance: operation_b took 0.0052s
2025-06-16 22:10:46,641 - PERF - Performance: test_component.test_function took 0.0011s
2025-06-17 02:22:16,058 - PERF - Performance: test_operation took 0.0101s
2025-06-17 02:22:16,074 - PERF - Performance: decorated_operation took 0.0101s
2025-06-17 02:22:16,085 - PERF - Performance: operation_a took 0.0101s
2025-06-17 02:22:16,095 - PERF - Performance: operation_a took 0.0101s
2025-06-17 02:22:16,101 - PERF - Performance: operation_b took 0.0051s
2025-06-17 02:22:16,107 - PERF - Performance: test_component.test_function took 0.0011s
2025-06-17 02:25:13,289 - PERF - Performance: test_operation took 0.0101s
2025-06-17 02:25:13,301 - PERF - Performance: decorated_operation took 0.0102s
2025-06-17 02:25:13,312 - PERF - Performance: operation_a took 0.0101s
2025-06-17 02:25:13,322 - PERF - Performance: operation_a took 0.0101s
2025-06-17 02:25:13,327 - PERF - Performance: operation_b took 0.0051s
2025-06-17 02:25:13,334 - PERF - Performance: test_component.test_function took 0.0011s
2025-06-17 02:29:40,369 - PERF - Performance: test_operation took 0.0102s
2025-06-17 02:29:40,383 - PERF - Performance: decorated_operation took 0.0102s
2025-06-17 02:29:40,396 - PERF - Performance: operation_a took 0.0102s
2025-06-17 02:29:40,407 - PERF - Performance: operation_a took 0.0102s
2025-06-17 02:29:40,414 - PERF - Performance: operation_b took 0.0052s
2025-06-17 02:29:40,433 - PERF - Performance: test_component.test_function took 0.0011s
2025-06-17 02:35:54,308 - PERF - Performance: test_operation took 0.0101s
2025-06-17 02:35:54,322 - PERF - Performance: decorated_operation took 0.0102s
2025-06-17 02:35:54,334 - PERF - Performance: operation_a took 0.0102s
2025-06-17 02:35:54,344 - PERF - Performance: operation_a took 0.0101s
2025-06-17 02:35:54,349 - PERF - Performance: operation_b took 0.0051s
2025-06-17 02:35:54,356 - PERF - Performance: test_component.test_function took 0.0011s
2025-06-17 02:52:47,865 - PERF - Performance: test_operation took 0.0101s
2025-06-17 02:52:47,879 - PERF - Performance: decorated_operation took 0.0102s
2025-06-17 02:52:47,892 - PERF - Performance: operation_a took 0.0102s
2025-06-17 02:52:47,903 - PERF - Performance: operation_a took 0.0102s
2025-06-17 02:52:47,909 - PERF - Performance: operation_b took 0.0052s
2025-06-17 02:52:47,932 - PERF - Performance: test_component.test_function took 0.0011s
2025-06-17 02:58:28,690 - PERF - Performance: test_operation took 0.0101s
2025-06-17 02:58:28,703 - PERF - Performance: decorated_operation took 0.0101s
2025-06-17 02:58:28,716 - PERF - Performance: operation_a took 0.0102s
2025-06-17 02:58:28,727 - PERF - Performance: operation_a took 0.0102s
2025-06-17 02:58:28,733 - PERF - Performance: operation_b took 0.0051s
2025-06-17 02:58:28,753 - PERF - Performance: test_component.test_function took 0.0011s
2025-06-17 03:06:12,081 - PERF - Performance: test_operation took 0.0101s
2025-06-17 03:06:12,094 - PERF - Performance: decorated_operation took 0.0101s
2025-06-17 03:06:12,106 - PERF - Performance: operation_a took 0.0101s
2025-06-17 03:06:12,117 - PERF - Performance: operation_a took 0.0101s
2025-06-17 03:06:12,123 - PERF - Performance: operation_b took 0.0051s
2025-06-17 03:06:12,131 - PERF - Performance: test_component.test_function took 0.0011s
2025-06-17 03:15:37,608 - PERF - Performance: test_operation took 0.0102s
2025-06-17 03:15:37,622 - PERF - Performance: decorated_operation took 0.0101s
2025-06-17 03:15:37,635 - PERF - Performance: operation_a took 0.0102s
2025-06-17 03:15:37,646 - PERF - Performance: operation_a took 0.0101s
2025-06-17 03:15:37,652 - PERF - Performance: operation_b took 0.0052s
2025-06-17 03:15:37,672 - PERF - Performance: test_component.test_function took 0.0011s
2025-06-17 03:22:50,744 - PERF - Performance: test_operation took 0.0101s
2025-06-17 03:22:50,757 - PERF - Performance: decorated_operation took 0.0102s
2025-06-17 03:22:50,770 - PERF - Performance: operation_a took 0.0101s
2025-06-17 03:22:50,781 - PERF - Performance: operation_a took 0.0102s
2025-06-17 03:22:50,788 - PERF - Performance: operation_b took 0.0052s
2025-06-17 03:22:50,808 - PERF - Performance: test_component.test_function took 0.0011s
2025-06-17 03:35:18,305 - PERF - Performance: test_operation took 0.0101s
2025-06-17 03:35:18,316 - PERF - Performance: decorated_operation took 0.0101s
2025-06-17 03:35:18,327 - PERF - Performance: operation_a took 0.0101s
2025-06-17 03:35:18,337 - PERF - Performance: operation_a took 0.0102s
2025-06-17 03:35:18,342 - PERF - Performance: operation_b took 0.0051s
2025-06-17 03:35:18,364 - PERF - Performance: test_component.test_function took 0.0011s
2025-06-17 03:53:07,256 - PERF - Performance: test_operation took 0.0101s
2025-06-17 03:53:07,269 - PERF - Performance: decorated_operation took 0.0101s
2025-06-17 03:53:07,281 - PERF - Performance: operation_a took 0.0101s
2025-06-17 03:53:07,291 - PERF - Performance: operation_a took 0.0101s
2025-06-17 03:53:07,297 - PERF - Performance: operation_b took 0.0051s
2025-06-17 03:53:07,316 - PERF - Performance: test_component.test_function took 0.0011s
2025-06-17 04:01:09,140 - PERF - Performance: test_operation took 0.0102s
2025-06-17 04:01:09,154 - PERF - Performance: decorated_operation took 0.0101s
2025-06-17 04:01:09,168 - PERF - Performance: operation_a took 0.0101s
2025-06-17 04:01:09,179 - PERF - Performance: operation_a took 0.0101s
2025-06-17 04:01:09,185 - PERF - Performance: operation_b took 0.0051s
2025-06-17 04:01:09,204 - PERF - Performance: test_component.test_function took 0.0011s
2025-06-17 04:05:54,591 - PERF - Performance: test_operation took 0.0102s
2025-06-17 04:05:54,605 - PERF - Performance: decorated_operation took 0.0102s
2025-06-17 04:05:54,618 - PERF - Performance: operation_a took 0.0102s
2025-06-17 04:05:54,629 - PERF - Performance: operation_a took 0.0102s
2025-06-17 04:05:54,635 - PERF - Performance: operation_b took 0.0052s
2025-06-17 04:05:54,655 - PERF - Performance: test_component.test_function took 0.0011s
2025-06-17 04:22:53,741 - PERF - Performance: test_operation took 0.0101s
2025-06-17 04:22:53,754 - PERF - Performance: decorated_operation took 0.0102s
2025-06-17 04:22:53,767 - PERF - Performance: operation_a took 0.0101s
2025-06-17 04:22:53,778 - PERF - Performance: operation_a took 0.0102s
2025-06-17 04:22:53,784 - PERF - Performance: operation_b took 0.0051s
2025-06-17 04:22:53,805 - PERF - Performance: test_component.test_function took 0.0011s
2025-06-17 13:52:35,195 - PERF - Performance: test_operation took 0.0101s
2025-06-17 13:52:35,210 - PERF - Performance: decorated_operation took 0.0101s
2025-06-17 13:52:35,221 - PERF - Performance: operation_a took 0.0101s
2025-06-17 13:52:35,232 - PERF - Performance: operation_a took 0.0101s
2025-06-17 13:52:35,237 - PERF - Performance: operation_b took 0.0051s
2025-06-17 13:52:35,243 - PERF - Performance: test_component.test_function took 0.0011s
2025-06-17 14:52:30,159 - PERF - Performance: test_operation took 0.0102s
2025-06-17 14:52:30,173 - PERF - Performance: decorated_operation took 0.0102s
2025-06-17 14:52:30,186 - PERF - Performance: operation_a took 0.0102s
2025-06-17 14:52:30,197 - PERF - Performance: operation_a took 0.0102s
2025-06-17 14:52:30,203 - PERF - Performance: operation_b took 0.0052s
2025-06-17 14:52:30,223 - PERF - Performance: test_component.test_function took 0.0011s
2025-06-17 15:37:16,202 - PERF - Performance: test_operation took 0.0101s
2025-06-17 15:37:16,214 - PERF - Performance: decorated_operation took 0.0101s
2025-06-17 15:37:16,225 - PERF - Performance: operation_a took 0.0101s
2025-06-17 15:37:16,236 - PERF - Performance: operation_a took 0.0101s
2025-06-17 15:37:16,241 - PERF - Performance: operation_b took 0.0051s
2025-06-17 15:37:16,247 - PERF - Performance: test_component.test_function took 0.0011s
2025-06-17 16:35:32,476 - PERF - Performance: test_operation took 0.0102s
2025-06-17 16:35:32,488 - PERF - Performance: decorated_operation took 0.0102s
2025-06-17 16:35:32,499 - PERF - Performance: operation_a took 0.0101s
2025-06-17 16:35:32,510 - PERF - Performance: operation_a took 0.0101s
2025-06-17 16:35:32,515 - PERF - Performance: operation_b took 0.0051s
2025-06-17 16:35:32,522 - PERF - Performance: test_component.test_function took 0.0011s
2025-06-17 16:38:05,555 - PERF - Performance: test_operation took 0.0101s
2025-06-17 16:38:05,569 - PERF - Performance: decorated_operation took 0.0101s
2025-06-17 16:38:05,581 - PERF - Performance: operation_a took 0.0101s
2025-06-17 16:38:05,592 - PERF - Performance: operation_a took 0.0101s
2025-06-17 16:38:05,598 - PERF - Performance: operation_b took 0.0051s
2025-06-17 16:38:05,618 - PERF - Performance: test_component.test_function took 0.0011s
2025-06-17 16:40:37,435 - PERF - Performance: test_operation took 0.0101s
2025-06-17 16:40:37,448 - PERF - Performance: decorated_operation took 0.0101s
2025-06-17 16:40:37,459 - PERF - Performance: operation_a took 0.0101s
2025-06-17 16:40:37,470 - PERF - Performance: operation_a took 0.0101s
2025-06-17 16:40:37,475 - PERF - Performance: operation_b took 0.0051s
2025-06-17 16:40:37,484 - PERF - Performance: test_component.test_function took 0.0011s
2025-06-17 16:43:07,263 - PERF - Performance: test_operation took 0.0101s
2025-06-17 16:43:07,275 - PERF - Performance: decorated_operation took 0.0101s
2025-06-17 16:43:07,287 - PERF - Performance: operation_a took 0.0102s
2025-06-17 16:43:07,297 - PERF - Performance: operation_a took 0.0101s
2025-06-17 16:43:07,302 - PERF - Performance: operation_b took 0.0051s
2025-06-17 16:43:07,309 - PERF - Performance: test_component.test_function took 0.0011s
2025-06-17 16:43:41,615 - PERF - Performance: test_operation took 0.0101s
2025-06-17 16:43:41,628 - PERF - Performance: decorated_operation took 0.0101s
2025-06-17 16:43:41,641 - PERF - Performance: operation_a took 0.0102s
2025-06-17 16:43:41,652 - PERF - Performance: operation_a took 0.0102s
2025-06-17 16:43:41,658 - PERF - Performance: operation_b took 0.0052s
2025-06-17 16:43:41,677 - PERF - Performance: test_component.test_function took 0.0011s
2025-06-17 16:46:11,875 - PERF - Performance: test_operation took 0.0102s
2025-06-17 16:46:11,889 - PERF - Performance: decorated_operation took 0.0103s
2025-06-17 16:46:11,903 - PERF - Performance: operation_a took 0.0102s
2025-06-17 16:46:11,914 - PERF - Performance: operation_a took 0.0102s
2025-06-17 16:46:11,920 - PERF - Performance: operation_b took 0.0052s
2025-06-17 16:46:11,940 - PERF - Performance: test_component.test_function took 0.0011s
2025-06-17 16:48:34,638 - PERF - Performance: test_operation took 0.0101s
2025-06-17 16:48:34,650 - PERF - Performance: decorated_operation took 0.0101s
2025-06-17 16:48:34,664 - PERF - Performance: operation_a took 0.0101s
2025-06-17 16:48:34,676 - PERF - Performance: operation_a took 0.0102s
2025-06-17 16:48:34,682 - PERF - Performance: operation_b took 0.0051s
2025-06-17 16:48:34,700 - PERF - Performance: test_component.test_function took 0.0011s
2025-06-17 17:13:59,433 - PERF - Performance: test_operation took 0.0101s
2025-06-17 17:13:59,444 - PERF - Performance: decorated_operation took 0.0101s
2025-06-17 17:13:59,455 - PERF - Performance: operation_a took 0.0101s
2025-06-17 17:13:59,465 - PERF - Performance: operation_a took 0.0101s
2025-06-17 17:13:59,470 - PERF - Performance: operation_b took 0.0051s
2025-06-17 17:13:59,477 - PERF - Performance: test_component.test_function took 0.0011s
2025-06-17 17:18:01,207 - PERF - Performance: test_operation took 0.0101s
2025-06-17 17:18:01,218 - PERF - Performance: decorated_operation took 0.0101s
2025-06-17 17:18:01,228 - PERF - Performance: operation_a took 0.0102s
2025-06-17 17:18:01,239 - PERF - Performance: operation_a took 0.0101s
2025-06-17 17:18:01,244 - PERF - Performance: operation_b took 0.0051s
2025-06-17 17:18:01,250 - PERF - Performance: test_component.test_function took 0.0011s
2025-06-17 17:20:58,454 - PERF - Performance: test_operation took 0.0101s
2025-06-17 17:20:58,466 - PERF - Performance: decorated_operation took 0.0101s
2025-06-17 17:20:58,478 - PERF - Performance: operation_a took 0.0101s
2025-06-17 17:20:58,488 - PERF - Performance: operation_a took 0.0101s
2025-06-17 17:20:58,494 - PERF - Performance: operation_b took 0.0052s
2025-06-17 17:20:58,513 - PERF - Performance: test_component.test_function took 0.0012s
2025-06-17 17:22:52,054 - PERF - Performance: test_operation took 0.0101s
2025-06-17 17:22:52,065 - PERF - Performance: decorated_operation took 0.0101s
2025-06-17 17:22:52,076 - PERF - Performance: operation_a took 0.0101s
2025-06-17 17:22:52,087 - PERF - Performance: operation_a took 0.0101s
2025-06-17 17:22:52,092 - PERF - Performance: operation_b took 0.0051s
2025-06-17 17:22:52,101 - PERF - Performance: test_component.test_function took 0.0011s
2025-06-17 17:25:08,697 - PERF - Performance: test_operation took 0.0101s
2025-06-17 17:25:08,709 - PERF - Performance: decorated_operation took 0.0101s
2025-06-17 17:25:08,720 - PERF - Performance: operation_a took 0.0101s
2025-06-17 17:25:08,731 - PERF - Performance: operation_a took 0.0101s
2025-06-17 17:25:08,736 - PERF - Performance: operation_b took 0.0051s
2025-06-17 17:25:08,742 - PERF - Performance: test_component.test_function took 0.0011s
2025-06-17 17:30:31,807 - PERF - Performance: test_operation took 0.0101s
2025-06-17 17:30:31,820 - PERF - Performance: decorated_operation took 0.0101s
2025-06-17 17:30:31,831 - PERF - Performance: operation_a took 0.0101s
2025-06-17 17:30:31,842 - PERF - Performance: operation_a took 0.0101s
2025-06-17 17:30:31,847 - PERF - Performance: operation_b took 0.0051s
2025-06-17 17:30:31,864 - PERF - Performance: test_component.test_function took 0.0010s
2025-06-17 17:40:23,876 - PERF - Performance: test_operation took 0.0101s
2025-06-17 17:40:23,887 - PERF - Performance: decorated_operation took 0.0101s
2025-06-17 17:40:23,898 - PERF - Performance: operation_a took 0.0101s
2025-06-17 17:40:23,908 - PERF - Performance: operation_a took 0.0101s
2025-06-17 17:40:23,914 - PERF - Performance: operation_b took 0.0051s
2025-06-17 17:40:23,920 - PERF - Performance: test_component.test_function took 0.0011s
2025-06-17 18:01:54,351 - PERF - Performance: test_operation took 0.0101s
2025-06-17 18:01:54,362 - PERF - Performance: decorated_operation took 0.0101s
2025-06-17 18:01:54,373 - PERF - Performance: operation_a took 0.0101s
2025-06-17 18:01:54,383 - PERF - Performance: operation_a took 0.0101s
2025-06-17 18:01:54,388 - PERF - Performance: operation_b took 0.0051s
2025-06-17 18:01:54,395 - PERF - Performance: test_component.test_function took 0.0011s
2025-06-17 18:27:00,868 - PERF - Performance: test_operation took 0.0101s
2025-06-17 18:27:00,879 - PERF - Performance: decorated_operation took 0.0101s
2025-06-17 18:27:00,889 - PERF - Performance: operation_a took 0.0101s
2025-06-17 18:27:00,900 - PERF - Performance: operation_a took 0.0101s
2025-06-17 18:27:00,905 - PERF - Performance: operation_b took 0.0051s
2025-06-17 18:27:00,911 - PERF - Performance: test_component.test_function took 0.0011s
2025-06-17 19:26:25,388 - PERF - Performance: test_operation took 0.0102s
2025-06-17 19:26:25,407 - PERF - Performance: decorated_operation took 0.0102s
2025-06-17 19:26:25,420 - PERF - Performance: operation_a took 0.0102s
2025-06-17 19:26:25,431 - PERF - Performance: operation_a took 0.0102s
2025-06-17 19:26:25,437 - PERF - Performance: operation_b took 0.0052s
2025-06-17 19:26:25,457 - PERF - Performance: test_component.test_function took 0.0011s
2025-06-17 19:30:14,382 - PERF - Performance: test_operation took 0.0101s
2025-06-17 19:30:14,394 - PERF - Performance: decorated_operation took 0.0101s
2025-06-17 19:30:14,409 - PERF - Performance: operation_a took 0.0101s
2025-06-17 19:30:14,420 - PERF - Performance: operation_a took 0.0101s
2025-06-17 19:30:14,426 - PERF - Performance: operation_b took 0.0052s
2025-06-17 19:30:14,440 - PERF - Performance: test_component.test_function took 0.0011s
2025-06-17 19:40:10,419 - PERF - Performance: test_operation took 0.0101s
2025-06-17 19:40:10,431 - PERF - Performance: decorated_operation took 0.0101s
2025-06-17 19:40:10,442 - PERF - Performance: operation_a took 0.0101s
2025-06-17 19:40:10,453 - PERF - Performance: operation_a took 0.0101s
2025-06-17 19:40:10,458 - PERF - Performance: operation_b took 0.0051s
2025-06-17 19:40:10,468 - PERF - Performance: test_component.test_function took 0.0011s
2025-06-17 19:47:42,276 - PERF - Performance: test_operation took 0.0101s
2025-06-17 19:47:42,287 - PERF - Performance: decorated_operation took 0.0101s
2025-06-17 19:47:42,298 - PERF - Performance: operation_a took 0.0101s
2025-06-17 19:47:42,309 - PERF - Performance: operation_a took 0.0102s
2025-06-17 19:47:42,314 - PERF - Performance: operation_b took 0.0051s
2025-06-17 19:47:42,328 - PERF - Performance: test_component.test_function took 0.0011s
2025-06-17 19:48:38,008 - PERF - Performance: test_operation took 0.0101s
2025-06-17 19:48:38,020 - PERF - Performance: decorated_operation took 0.0101s
2025-06-17 19:48:38,031 - PERF - Performance: operation_a took 0.0101s
2025-06-17 19:48:38,042 - PERF - Performance: operation_a took 0.0101s
2025-06-17 19:48:38,047 - PERF - Performance: operation_b took 0.0051s
2025-06-17 19:48:38,053 - PERF - Performance: test_component.test_function took 0.0011s
2025-06-17 19:57:43,134 - PERF - Performance: test_operation took 0.0101s
2025-06-17 19:57:43,145 - PERF - Performance: decorated_operation took 0.0101s
2025-06-17 19:57:43,156 - PERF - Performance: operation_a took 0.0101s
2025-06-17 19:57:43,167 - PERF - Performance: operation_a took 0.0101s
2025-06-17 19:57:43,172 - PERF - Performance: operation_b took 0.0051s
2025-06-17 19:57:43,179 - PERF - Performance: test_component.test_function took 0.0011s
2025-06-17 20:03:36,469 - PERF - Performance: test_operation took 0.0101s
2025-06-17 20:03:36,483 - PERF - Performance: decorated_operation took 0.0101s
2025-06-17 20:03:36,496 - PERF - Performance: operation_a took 0.0101s
2025-06-17 20:03:36,507 - PERF - Performance: operation_a took 0.0101s
2025-06-17 20:03:36,513 - PERF - Performance: operation_b took 0.0051s
2025-06-17 20:03:36,535 - PERF - Performance: test_component.test_function took 0.0011s
2025-06-17 20:20:36,107 - PERF - Performance: test_operation took 0.0102s
2025-06-17 20:20:36,121 - PERF - Performance: decorated_operation took 0.0102s
2025-06-17 20:20:36,134 - PERF - Performance: operation_a took 0.0102s
2025-06-17 20:20:36,145 - PERF - Performance: operation_a took 0.0102s
2025-06-17 20:20:36,151 - PERF - Performance: operation_b took 0.0051s
2025-06-17 20:20:36,171 - PERF - Performance: test_component.test_function took 0.0011s
2025-06-17 21:15:41,167 - PERF - Performance: test_operation took 0.0101s
2025-06-17 21:15:41,178 - PERF - Performance: decorated_operation took 0.0102s
2025-06-17 21:15:41,189 - PERF - Performance: operation_a took 0.0101s
2025-06-17 21:15:41,199 - PERF - Performance: operation_a took 0.0101s
2025-06-17 21:15:41,204 - PERF - Performance: operation_b took 0.0051s
2025-06-17 21:15:41,210 - PERF - Performance: test_component.test_function took 0.0011s
2025-06-17 21:19:45,520 - PERF - Performance: test_operation took 0.0101s
2025-06-17 21:19:45,531 - PERF - Performance: decorated_operation took 0.0101s
2025-06-17 21:19:45,542 - PERF - Performance: operation_a took 0.0101s
2025-06-17 21:19:45,553 - PERF - Performance: operation_a took 0.0101s
2025-06-17 21:19:45,558 - PERF - Performance: operation_b took 0.0051s
2025-06-17 21:19:45,566 - PERF - Performance: test_component.test_function took 0.0011s
2025-06-17 21:24:27,545 - PERF - Performance: test_operation took 0.0101s
2025-06-17 21:24:27,556 - PERF - Performance: decorated_operation took 0.0101s
2025-06-17 21:24:27,567 - PERF - Performance: operation_a took 0.0101s
2025-06-17 21:24:27,578 - PERF - Performance: operation_a took 0.0101s
2025-06-17 21:24:27,583 - PERF - Performance: operation_b took 0.0051s
2025-06-17 21:24:27,593 - PERF - Performance: test_component.test_function took 0.0011s
2025-06-17 21:28:02,750 - PERF - Performance: test_operation took 0.0101s
2025-06-17 21:28:02,761 - PERF - Performance: decorated_operation took 0.0101s
2025-06-17 21:28:02,772 - PERF - Performance: operation_a took 0.0101s
2025-06-17 21:28:02,783 - PERF - Performance: operation_a took 0.0101s
2025-06-17 21:28:02,788 - PERF - Performance: operation_b took 0.0051s
2025-06-17 21:28:02,797 - PERF - Performance: test_component.test_function took 0.0011s
2025-06-17 21:37:32,002 - PERF - Performance: test_operation took 0.0101s
2025-06-17 21:37:32,013 - PERF - Performance: decorated_operation took 0.0101s
2025-06-17 21:37:32,023 - PERF - Performance: operation_a took 0.0101s
2025-06-17 21:37:32,034 - PERF - Performance: operation_a took 0.0101s
2025-06-17 21:37:32,039 - PERF - Performance: operation_b took 0.0051s
2025-06-17 21:37:32,045 - PERF - Performance: test_component.test_function took 0.0011s
2025-06-17 21:41:51,065 - PERF - Performance: test_operation took 0.0101s
2025-06-17 21:41:51,076 - PERF - Performance: decorated_operation took 0.0101s
2025-06-17 21:41:51,087 - PERF - Performance: operation_a took 0.0101s
2025-06-17 21:41:51,098 - PERF - Performance: operation_a took 0.0101s
2025-06-17 21:41:51,103 - PERF - Performance: operation_b took 0.0052s
2025-06-17 21:41:51,110 - PERF - Performance: test_component.test_function took 0.0011s
2025-06-17 21:46:50,443 - PERF - Performance: test_operation took 0.0101s
2025-06-17 21:46:50,454 - PERF - Performance: decorated_operation took 0.0101s
2025-06-17 21:46:50,465 - PERF - Performance: operation_a took 0.0101s
2025-06-17 21:46:50,475 - PERF - Performance: operation_a took 0.0101s
2025-06-17 21:46:50,480 - PERF - Performance: operation_b took 0.0051s
2025-06-17 21:46:50,486 - PERF - Performance: test_component.test_function took 0.0011s
2025-06-17 21:47:05,575 - PERF - Performance: test_operation took 0.0101s
2025-06-17 21:47:05,585 - PERF - Performance: decorated_operation took 0.0101s
2025-06-17 21:47:05,596 - PERF - Performance: operation_a took 0.0101s
2025-06-17 21:47:05,606 - PERF - Performance: operation_a took 0.0101s
2025-06-17 21:47:05,612 - PERF - Performance: operation_b took 0.0051s
2025-06-17 21:47:05,617 - PERF - Performance: test_component.test_function took 0.0011s
2025-06-17 21:51:08,569 - PERF - Performance: test_operation took 0.0101s
2025-06-17 21:51:08,580 - PERF - Performance: decorated_operation took 0.0101s
2025-06-17 21:51:08,591 - PERF - Performance: operation_a took 0.0101s
2025-06-17 21:51:08,601 - PERF - Performance: operation_a took 0.0101s
2025-06-17 21:51:08,607 - PERF - Performance: operation_b took 0.0051s
2025-06-17 21:51:08,613 - PERF - Performance: test_component.test_function took 0.0011s
2025-06-17 21:52:25,778 - PERF - Performance: test_operation took 0.0101s
2025-06-17 21:52:25,788 - PERF - Performance: decorated_operation took 0.0101s
2025-06-17 21:52:25,799 - PERF - Performance: operation_a took 0.0101s
2025-06-17 21:52:25,809 - PERF - Performance: operation_a took 0.0101s
2025-06-17 21:52:25,815 - PERF - Performance: operation_b took 0.0052s
2025-06-17 21:52:25,821 - PERF - Performance: test_component.test_function took 0.0012s
2025-06-18 01:14:01,830 - PERF - Performance: test_operation took 0.0101s
2025-06-18 01:14:01,841 - PERF - Performance: decorated_operation took 0.0101s
2025-06-18 01:14:01,853 - PERF - Performance: operation_a took 0.0101s
2025-06-18 01:14:01,863 - PERF - Performance: operation_a took 0.0101s
2025-06-18 01:14:01,869 - PERF - Performance: operation_b took 0.0051s
2025-06-18 01:14:01,875 - PERF - Performance: test_component.test_function took 0.0011s
2025-06-18 01:14:15,648 - PERF - Performance: test_operation took 0.0101s
2025-06-18 01:14:15,661 - PERF - Performance: decorated_operation took 0.0101s
2025-06-18 01:14:15,675 - PERF - Performance: operation_a took 0.0101s
2025-06-18 01:14:15,686 - PERF - Performance: operation_a took 0.0101s
2025-06-18 01:14:15,692 - PERF - Performance: operation_b took 0.0051s
2025-06-18 01:14:15,712 - PERF - Performance: test_component.test_function took 0.0011s
2025-06-18 01:18:00,674 - PERF - Performance: test_operation took 0.0101s
2025-06-18 01:18:00,687 - PERF - Performance: decorated_operation took 0.0101s
2025-06-18 01:18:00,699 - PERF - Performance: operation_a took 0.0101s
2025-06-18 01:18:00,710 - PERF - Performance: operation_a took 0.0101s
2025-06-18 01:18:00,716 - PERF - Performance: operation_b took 0.0051s
2025-06-18 01:18:00,743 - PERF - Performance: test_component.test_function took 0.0011s
2025-06-18 01:18:25,151 - PERF - Performance: test_operation took 0.0101s
2025-06-18 01:18:25,164 - PERF - Performance: decorated_operation took 0.0101s
2025-06-18 01:18:25,177 - PERF - Performance: operation_a took 0.0101s
2025-06-18 01:18:25,188 - PERF - Performance: operation_a took 0.0101s
2025-06-18 01:18:25,194 - PERF - Performance: operation_b took 0.0051s
2025-06-18 01:18:25,215 - PERF - Performance: test_component.test_function took 0.0011s
2025-06-18 01:21:03,216 - PERF - Performance: test_operation took 0.0101s
2025-06-18 01:21:03,228 - PERF - Performance: decorated_operation took 0.0101s
2025-06-18 01:21:03,240 - PERF - Performance: operation_a took 0.0101s
2025-06-18 01:21:03,251 - PERF - Performance: operation_a took 0.0101s
2025-06-18 01:21:03,256 - PERF - Performance: operation_b took 0.0051s
2025-06-18 01:21:03,269 - PERF - Performance: test_component.test_function took 0.0011s
2025-06-18 01:25:00,512 - PERF - Performance: test_operation took 0.0101s
2025-06-18 01:25:00,525 - PERF - Performance: decorated_operation took 0.0101s
2025-06-18 01:25:00,537 - PERF - Performance: operation_a took 0.0102s
2025-06-18 01:25:00,547 - PERF - Performance: operation_a took 0.0102s
2025-06-18 01:25:00,553 - PERF - Performance: operation_b took 0.0051s
2025-06-18 01:25:00,567 - PERF - Performance: test_component.test_function took 0.0011s
2025-06-18 01:32:01,971 - PERF - Performance: test_operation took 0.0101s
2025-06-18 01:32:01,984 - PERF - Performance: decorated_operation took 0.0101s
2025-06-18 01:32:01,997 - PERF - Performance: operation_a took 0.0102s
2025-06-18 01:32:02,009 - PERF - Performance: operation_a took 0.0101s
2025-06-18 01:32:02,015 - PERF - Performance: operation_b took 0.0051s
2025-06-18 01:32:02,035 - PERF - Performance: test_component.test_function took 0.0012s
2025-06-18 01:35:20,939 - PERF - Performance: test_operation took 0.0101s
2025-06-18 01:35:20,953 - PERF - Performance: decorated_operation took 0.0101s
2025-06-18 01:35:20,967 - PERF - Performance: operation_a took 0.0101s
2025-06-18 01:35:20,979 - PERF - Performance: operation_a took 0.0101s
2025-06-18 01:35:20,985 - PERF - Performance: operation_b took 0.0051s
2025-06-18 01:35:21,010 - PERF - Performance: test_component.test_function took 0.0011s
2025-06-18 01:38:47,626 - PERF - Performance: test_operation took 0.0101s
2025-06-18 01:38:47,638 - PERF - Performance: decorated_operation took 0.0101s
2025-06-18 01:38:47,649 - PERF - Performance: operation_a took 0.0101s
2025-06-18 01:38:47,659 - PERF - Performance: operation_a took 0.0101s
2025-06-18 01:38:47,665 - PERF - Performance: operation_b took 0.0051s
2025-06-18 01:38:47,681 - PERF - Performance: test_component.test_function took 0.0011s
2025-06-18 01:42:07,569 - PERF - Performance: test_operation took 0.0101s
2025-06-18 01:42:07,583 - PERF - Performance: decorated_operation took 0.0101s
2025-06-18 01:42:07,597 - PERF - Performance: operation_a took 0.0101s
2025-06-18 01:42:07,608 - PERF - Performance: operation_a took 0.0101s
2025-06-18 01:42:07,614 - PERF - Performance: operation_b took 0.0051s
2025-06-18 01:42:07,634 - PERF - Performance: test_component.test_function took 0.0011s
2025-06-18 01:54:30,322 - PERF - Performance: test_operation took 0.0101s
2025-06-18 01:54:30,335 - PERF - Performance: decorated_operation took 0.0101s
2025-06-18 01:54:30,348 - PERF - Performance: operation_a took 0.0101s
2025-06-18 01:54:30,359 - PERF - Performance: operation_a took 0.0101s
2025-06-18 01:54:30,365 - PERF - Performance: operation_b took 0.0051s
2025-06-18 01:54:30,385 - PERF - Performance: test_component.test_function took 0.0011s
2025-06-18 02:00:00,254 - PERF - Performance: test_operation took 0.0102s
2025-06-18 02:00:00,268 - PERF - Performance: decorated_operation took 0.0101s
2025-06-18 02:00:00,281 - PERF - Performance: operation_a took 0.0101s
2025-06-18 02:00:00,292 - PERF - Performance: operation_a took 0.0101s
2025-06-18 02:00:00,297 - PERF - Performance: operation_b took 0.0051s
2025-06-18 02:00:00,317 - PERF - Performance: test_component.test_function took 0.0011s
2025-06-18 02:03:20,462 - PERF - Performance: test_operation took 0.0102s
2025-06-18 02:03:20,475 - PERF - Performance: decorated_operation took 0.0101s
2025-06-18 02:03:20,488 - PERF - Performance: operation_a took 0.0101s
2025-06-18 02:03:20,500 - PERF - Performance: operation_a took 0.0102s
2025-06-18 02:03:20,506 - PERF - Performance: operation_b took 0.0052s
2025-06-18 02:03:20,522 - PERF - Performance: test_component.test_function took 0.0011s
2025-06-18 02:06:45,120 - PERF - Performance: test_operation took 0.0101s
2025-06-18 02:06:45,134 - PERF - Performance: decorated_operation took 0.0101s
2025-06-18 02:06:45,147 - PERF - Performance: operation_a took 0.0101s
2025-06-18 02:06:45,158 - PERF - Performance: operation_a took 0.0100s
2025-06-18 02:06:45,163 - PERF - Performance: operation_b took 0.0051s
2025-06-18 02:06:45,184 - PERF - Performance: test_component.test_function took 0.0011s
2025-06-18 02:11:24,612 - PERF - Performance: test_operation took 0.0101s
2025-06-18 02:11:24,625 - PERF - Performance: decorated_operation took 0.0101s
2025-06-18 02:11:24,637 - PERF - Performance: operation_a took 0.0101s
2025-06-18 02:11:24,647 - PERF - Performance: operation_a took 0.0101s
2025-06-18 02:11:24,653 - PERF - Performance: operation_b took 0.0051s
2025-06-18 02:11:24,670 - PERF - Performance: test_component.test_function took 0.0011s
2025-06-18 02:20:19,803 - PERF - Performance: test_operation took 0.0101s
2025-06-18 02:20:19,817 - PERF - Performance: decorated_operation took 0.0101s
2025-06-18 02:20:19,830 - PERF - Performance: operation_a took 0.0102s
2025-06-18 02:20:19,841 - PERF - Performance: operation_a took 0.0101s
2025-06-18 02:20:19,847 - PERF - Performance: operation_b took 0.0052s
2025-06-18 02:20:19,866 - PERF - Performance: test_component.test_function took 0.0011s
2025-06-18 02:23:01,196 - PERF - Performance: test_operation took 0.0101s
2025-06-18 02:23:01,209 - PERF - Performance: decorated_operation took 0.0102s
2025-06-18 02:23:01,222 - PERF - Performance: operation_a took 0.0101s
2025-06-18 02:23:01,234 - PERF - Performance: operation_a took 0.0101s
2025-06-18 02:23:01,240 - PERF - Performance: operation_b took 0.0051s
2025-06-18 02:23:01,261 - PERF - Performance: test_component.test_function took 0.0011s
